<?xml version="1.0" encoding="UTF-8"?>
<!-- Generated by org.testng.reporters.JUnitReportReporter -->
<testsuite hostname="Ankitas-MacBook-Air.local" failures="0" tests="2" name="com.CRM.TestCase.LoginPageTestCase" time="2.381" errors="0" timestamp="2025-09-11T19:30:08 IST" skipped="0">
  <testcase classname="com.CRM.TestCase.LoginPageTestCase" name="validatelogin" time="1.652"/>
  <testcase classname="com.CRM.TestCase.LoginPageTestCase" name="logout" time="0.729"/>
</testsuite> <!-- com.CRM.TestCase.LoginPageTestCase -->
