<?xml version="1.0" encoding="UTF-8"?>
<!-- Generated by org.testng.reporters.JUnitReportReporter -->
<testsuite hostname="Ankitas-MacBook-Air.local" failures="0" tests="3" name="com.CRM.TestCase.HomePageTestCase" time="1.533" errors="0" timestamp="2025-09-11T19:30:08 IST" skipped="0">
  <testcase classname="com.CRM.TestCase.HomePageTestCase" name="validateCurrentURL" time="0.070"/>
  <testcase classname="com.CRM.TestCase.HomePageTestCase" name="validateTitle" time="0.024"/>
  <testcase classname="com.CRM.TestCase.HomePageTestCase" name="validateSignInPage" time="1.439"/>
</testsuite> <!-- com.CRM.TestCase.HomePageTestCase -->
