<?xml version="1.0" encoding="UTF-8"?>
<!-- Generated by org.testng.reporters.JUnitReportReporter -->
<testsuite hostname="Ankitas-MacBook-Air.local" failures="0" tests="2" name="com.CRM.TestCase.LoginPageTestCase" time="0.975" errors="0" timestamp="2025-09-14T01:31:46 IST" skipped="0">
  <testcase classname="com.CRM.TestCase.LoginPageTestCase" name="validatelogin" time="0.604"/>
  <testcase classname="com.CRM.TestCase.LoginPageTestCase" name="logout" time="0.371"/>
</testsuite> <!-- com.CRM.TestCase.LoginPageTestCase -->
