<?xml version="1.0" encoding="UTF-8"?>
<!-- Generated by org.testng.reporters.JUnitReportReporter -->
<testsuite hostname="Ankitas-MacBook-Air.local" failures="0" tests="3" name="com.CRM.TestCase.HomePageTestCase" time="0.967" errors="0" timestamp="2025-09-14T01:31:46 IST" skipped="0">
  <testcase classname="com.CRM.TestCase.HomePageTestCase" name="validateCurrentURL" time="0.010"/>
  <testcase classname="com.CRM.TestCase.HomePageTestCase" name="validateTitle" time="0.007"/>
  <testcase classname="com.CRM.TestCase.HomePageTestCase" name="validateSignInPage" time="0.950"/>
</testsuite> <!-- com.CRM.TestCase.HomePageTestCase -->
